<?xml version="1.0" encoding="UTF-8"?>
<testng-results skipped="0" failed="0" total="1" passed="1">
  <reporter-output>
  </reporter-output>
  <suite name="Default suite" duration-ms="10285" started-at="2019-08-24T11:00:24Z" finished-at="2019-08-24T11:00:34Z">
    <groups>
      <group name="cucumber">
        <method signature="AbstractTestNGCucumberTests.feature(cucumber.api.testng.CucumberFeatureWrapper)[pri:0, instance:com.runnerclass.TestRunnerClass@6fc6f14e]" name="feature" class="cucumber.api.testng.AbstractTestNGCucumberTests"/>
      </group> <!-- cucumber -->
    </groups>
    <test name="Default test" duration-ms="10285" started-at="2019-08-24T11:00:24Z" finished-at="2019-08-24T11:00:34Z">
      <class name="com.runnerclass.TestRunnerClass">
        <test-method status="PASS" signature="setUpClass()[pri:0, instance:com.runnerclass.TestRunnerClass@6fc6f14e]" name="setUpClass" is-config="true" duration-ms="260" started-at="2019-08-24T16:30:24Z" finished-at="2019-08-24T16:30:24Z">
          <reporter-output>
          </reporter-output>
        </test-method> <!-- setUpClass -->
        <test-method status="PASS" signature="feature(cucumber.api.testng.CucumberFeatureWrapper)[pri:0, instance:com.runnerclass.TestRunnerClass@6fc6f14e]" name="feature" duration-ms="9912" started-at="2019-08-24T16:30:24Z" description="Runs Cucumber Feature" data-provider="features" finished-at="2019-08-24T16:30:34Z">
          <params>
            <param index="0">
              <value>
                <![CDATA[Ability to create a new record producer and verify assess state]]>
              </value>
            </param>
          </params>
          <reporter-output>
          </reporter-output>
        </test-method> <!-- feature -->
        <test-method status="PASS" signature="tearDownClass()[pri:0, instance:com.runnerclass.TestRunnerClass@6fc6f14e]" name="tearDownClass" is-config="true" duration-ms="18" started-at="2019-08-24T16:30:34Z" finished-at="2019-08-24T16:30:34Z">
          <reporter-output>
          </reporter-output>
        </test-method> <!-- tearDownClass -->
      </class> <!-- com.runnerclass.TestRunnerClass -->
    </test> <!-- Default test -->
  </suite> <!-- Default suite -->
</testng-results>
